<?xml version="1.0" encoding="utf-8"?><testsuites name="pytest tests"><testsuite name="pytest" errors="0" failures="0" skipped="0" tests="17" time="2.502" timestamp="2026-06-23T19:02:07.041367+00:00" hostname="agent-env-b0e07c1e-32cf-496a-b5ad-10c631de7253"><testcase classname="backend.tests.test_beatcam_api.TestRoot" name="test_api_root_ok" time="0.313" /><testcase classname="backend.tests.test_beatcam_api.TestProjects" name="test_list_projects_returns_array_no_id_leak" time="0.060" /><testcase classname="backend.tests.test_beatcam_api.TestProjects" name="test_create_project_multipart" time="0.142" /><testcase classname="backend.tests.test_beatcam_api.TestProjects" name="test_get_project" time="0.058" /><testcase classname="backend.tests.test_beatcam_api.TestProjects" name="test_get_nonexistent_project_404" time="0.058" /><testcase classname="backend.tests.test_beatcam_api.TestClips" name="test_compile_zero_clips_returns_400" time="0.059" /><testcase classname="backend.tests.test_beatcam_api.TestClips" name="test_add_clip_at_song_start_0" time="0.128" /><testcase classname="backend.tests.test_beatcam_api.TestClips" name="test_add_clip_at_song_start_3" time="0.127" /><testcase classname="backend.tests.test_beatcam_api.TestClips" name="test_add_clip_to_unknown_project_404" time="0.102" /><testcase classname="backend.tests.test_beatcam_api.TestCompile" name="test_compile_success" time="0.672" /><testcase classname="backend.tests.test_beatcam_api.TestCompile" name="test_compiled_video_served_and_valid" time="0.336" /><testcase classname="backend.tests.test_beatcam_api.TestClipDelete" name="test_delete_clip_removes_and_resets_output" time="0.155" /><testcase classname="backend.tests.test_beatcam_api.TestMedia" name="test_unknown_media_kind_404" time="0.050" /><testcase classname="backend.tests.test_beatcam_api.TestMedia" name="test_unknown_output_file_404" time="0.052" /><testcase classname="backend.tests.test_beatcam_api.TestProjectDelete" name="test_delete_project" time="0.049" /><testcase classname="backend.tests.test_beatcam_api.TestProjectDelete" name="test_get_deleted_project_404" time="0.052" /><testcase classname="backend.tests.test_beatcam_api.TestProjectDelete" name="test_delete_unknown_project_404" time="0.055" /></testsuite></testsuites>